# BOUND_GREEN.log —— 单写者 append-only 收口 log（A2 收尾）
#
# 契约真源：docs/orchestration/README.md §4 + §3 解锁状态机（🟩 BOUND_GREEN）。
# 单写者：A2（解锁批绑定 workflow）。B 只读不写本文件。
# 语义：A2 把某行绑到 render-ready（[attr.data-*] 绑定 + 真 Router route + 删本仓该 apply* shaping 段）
#       且禁区 grep 该行归零 + 四面 reducer 裁绿后追加一行 → 第二北极星覆盖率 +1。
# 方向：收口（终态）。
#
# 列格式（TAB 分隔·4 列）：
#   <ts ISO8601>\t<apply_name>\t<writer=A2>\t<note UC 编号 + reducer 裁绿凭据>
# 例：
#   2026-06-26T14:00:00Z\tapplyMessageItem\tA2\tUC-1.1 四面 reducer green
#
# 解析规则：以 # 开头的行 = 注释；空行忽略；apply_name = 第 2 列。
# 追加只用 `>> BOUND_GREEN.log`（绝不重写整文件）→ 零 merge 冲突。
2026-06-26T11:40:43Z	applyMessageItem	A2	UC-1.2/1.5/send-1 六面 reducer green·禁区 grep 归零·O(1) upsert
2026-06-26T13:12:15Z	applyDialogList	A2	UC-5.1/5.2/5.3/5.4/1.10 四面 reducer green + UC-4.1 CL render-ready DOM(last-message/unread)直绑实证·禁区 grep 22→17·真 HTTP+WS 零 mock
2026-06-26T13:12:15Z	applyChannelUpdateByPost	A2	unread++ 删除·改 dialogList 重查·UC-5.1/5.2/5.3 四面 green(同 dialogList 路径)·禁区零
2026-06-26T13:44:27Z	applyMessagesQueryResult	A2	UC-2.1 四面 reducer green×2(16 行 render-ready 直绑)·禁区消灭 findIndex·O(1) upsertHistoryRow
2026-06-26T13:44:27Z	applyOlderLoaded	A2	UC-2.2 四面 reducer green×2(①②读族绿·prepend O(1)·server 无更早历史 ③ 行数不变 documented)·禁区消灭 findIndex
2026-06-26T13:44:27Z	applyPostSending	A2	UC-1.4 四面 green×2 + UC-send-1 六面 green×2(乐观 sending render-ready text/type 直绑·不再 pendingText/pendingType)
2026-06-26T14:23:56Z	applyChannelMembers	A2	UC-6.4 ①② green×2(im:read:result 保留 + im:channel:members byIds 渲染路径实证·memberId:444)·UC-6.2 ①③ green×2(data-admin 乐观)·UC-6.3 四面 green×2(data-nickname via applyMemberNickname)·UC-6.1 ③④ echo-gated(channel_member_update WS 不到达·见 NEED_CSES_IM_SERVER_FIX·非回归)·成员禁区 grep 归零·role→admin 下沉 helix
2026-06-26T14:58:34Z	applyChannelReplies	A2	UC-2.4 ①② reducer green×2(im:read:result verbatim 照旧 + im:channel:replies{reqId,replyIds} render-ready 双 emit 实证·壳纯绑定 data-reply-id)·禁区 grep 归零·消灭 extractReplyIds×5
2026-06-26T14:58:34Z	applyTodoUpdated	A2	UC-10.1 ①②③ reducer green×2(14 items render-ready todoId/todoType 直绑·data-todo-id/-type/-can-del)·壳退纯绑定不 filter/抽
2026-06-26T14:58:34Z	applyReadResult	A2	UC-6.4 ①② green(member byIds drop 路径)·禁区 grep 该行归零·UC-12.1 健康探针 ② backend read-relay 未回灌 echo-gated(见 NEED·非绑定缺陷·非 S8 回归)
# ===== 编排终态（2026-06-26·grilling→PRD#49→8 竖切自驱）=====
# ✅ DONE 双流水线编排 S1-S8 全通关 | commit 3cbb30d..b563c7a | 第二北极星 100%(禁区 grep 0·gate.sh 8b 机器强制) | loopforge/main 已推 github
# 北极星：第二(壳纯度/禁区0)=100% ✅ | render-board BOUND_GREEN 🟩10/19(余9无禁区 trivially pure·欠 e2e reducer 确认)
# helix render-ready 累积 fix/im-wire-body-build(5198b28)=S4-S8 全套+parser债收口 | 6 面 oracle(IpcIn/Inbound/WsRecv/纯壳不变量) test-only 上线
# 待办尾巴(非回归·已 NEED_FIX 归档)：后端 cses-im-server WS echo 非确定到达(UC-1.5撤回/1.10定时/6.1拉踢/12.1健康) + helix quickReply reactions(UC-1.8 跨分支cherry破债线) + helix 远端push(user_misc.rs预存债)
2026-06-27T12:06:19Z	applyBatchUpdated	A2	UC-1.5 撤回四面 reducer green×2(--warm·DOM data-revoke=1 + ② im:post:batch-updated 投影 + ④ revoke=1 落库)·spec 已修(关窗前 waitUntil 真 echo)·earlier flaky 已消
2026-06-27T12:06:19Z	applyScheduleCreated	A2	UC-1.10 定时四面 reducer green×2(--warm·schedule-created echo + hasSchedulePost flag·data-* 直绑)
2026-06-27T12:06:19Z	applyMemberNickname	A2	UC-6.3 改昵称四面 reducer green×2(--warm·channel/member/change/nickname 出站 + memberNickname 投影 + channel_member upsert 落库 + DOM data-nickname 回读)
2026-06-27T12:09:39Z	applyChannelCreated	A2	UC-5.1/5.2 建群四面 reducer green×2+污染序(--warm·channel/create 出站 + im:channel:created 投影 + channel 行落库 + DOM 新频道行直绑)
2026-06-27T12:09:39Z	applyChannelUpdatePost	A2	UC-5.4 四面 reducer green×2+污染序(--warm)
# ===== 阶段A loop 收口（2026-06-27·9 PENDING 跑绿）=====
# ✅ 本轮收 5/9 PENDING → BOUND_GREEN（render-board 10→15/19）：
#    applyBatchUpdated(1.5) applyScheduleCreated(1.10) applyMemberNickname(6.3)
#    applyChannelCreated(5.1/5.2) applyChannelUpdatePost(5.4)·均 --warm 连绿×2(+污染序)·reducer 裁定
# ⚠️ 余 4 PENDING 阻塞·绑定均纯/正确·非渲染壳缺陷·诚实标范围（禁假绿）：
#  [BLOCKED·cses-im-server] applyChannelUpdate(5.5 置顶)：单播 update_channel WS echo 不到达客户端传输层
#    (run.jsonl 零 ws-recv·后端集成测试证已 publish·疑 connIndex.ForUser 单用户索引未登记)。见 NEED_CSES_IM_SERVER_FIX §UC-5.5。
#  [BLOCKED·client-CL-scale] applyChannelClosed(5.3 关群)：channel_close 为频道域 echo(应到达)·断在 DOM 行未移除·
#    120 累积频道下 Angular CL 重渲染 bug(--warm/隔离 均复现·20.7s 超时)·独立 ticket(task hint ③)·绑定 applyChannelClosed 纯。
#  [BLOCKED·contract-ambiguity·交人审] applyChannelIncrement(4.1 就绪/增量)：expect/uc-4.1.expect.json 出站面期望
#    channels/load/increment(bootstrap 批量增量)·但 seed-behind-cursor 触发 gap-gate→实发 channel/sync/notify·
#    expect _note 自身已标 AMBIGUITY 交人审。绑定 applyChannelIncrement 每次 boot 跑(注册 120 channel·CL 实渲)·
#    兄弟 UC-4.2(channel/sync/notify→im:channel:update-by-post)四面全绿(隔离)。C004 契约只读→契约变更提案待人审。
#  [BLOCKED·no-e2e-driver] applyPostDeleted(离线撤回 fat)：UC-1.5 撤回的离线分支(emit_post_deleted)·
#    无专属四面 spec 驱动(3.2 已读/4.4 心跳gap 均不断言 im:post:deleted)·在线兄弟 applyBatchUpdated(1.5)已绿。
#    需新建「离线 gap-replay 携撤回 post」spec 才可裁(超本轮范围)。
2026-06-27T13:04:16Z	applyChannelUpdate	A2	UC-5.5 频道置顶四面 reducer green×3(--warm·channel/change/top 出站 + im:channel:update 投影 + channel batch_update(is_top) 落库 + DOM data-channel-top 回读)·根因=pinned helix update_channel handler 漏 emit_channel_update(helix fix b707349·loopforge re-pin)·非后端缺陷(后端单播 update_channel writeOne 字节有效已实证)
2026-06-27T13:13:20Z	applyChannelClosed	A2	UC-5.3 关群四面 reducer green×3(--warm·channel/close 出站 + im:channel:closed 投影 + channel batch_update(delete_at+is_active=0) 落库 + CL 行移除)·根因=③ DOM probe 选择器过宽误命中 ML 消息行(同 channelId)·applyChannelClosed 删 CL 行本就正确·spec probe scope 到 [data-testid=channel-list]·非放水(真没删仍报红)·helix channel_close emit 两分支一致无缺
2026-06-27T13:28:55Z	applyPostDeleted	A2	UC-1.5-offline 离线撤回 gap-replay 四面(②③)reducer green×2(驱动 scripts/run-uc-1.5-offline.sh·建群+发+撤回→回退 cursor→reload --uc→冷启动 increment 重放 PostUpsert(im:post:received 载行)+PostRevoke(im:post:deleted 标撤回)→applyPostDeleted markRevokedById→DOM data-revoke=1)·①④ N/A(离线重放无 per-post 出站·emit_post_deleted projection-only)·新建 uc-1.5-offline{,-setup}.e2e.mjs + expect + 驱动·helix sync_effects PostRevoke emit 已验
