# NEED_HELIX.log —— 单写者 append-only 反向需求 log（A2 → B）
#
# 契约真源：docs/orchestration/README.md §4（通信 = main 当总线 + 三单写者 append-only log）。
# 单写者：A2（解锁批绑定 workflow）。B 只读不写本文件。
# 语义：A2 绑定某行时发现 helix 没吐这个字段 → 追加一行，Conductor 下一 tick 把它插队喂回 B。
# 方向：A2 → B（互相补齐双向边）。
#
# 列格式（TAB 分隔·4 列）：
#   <ts ISO8601>\t<apply_name>\t<writer=A2>\t<note 缺什么字段/期望 render-ready 形状>
# 例：
#   2026-06-26T10:30:00Z\tapplyMembersSnapshot\tA2\trole->admin 需在 helix 判·壳不算
#
# 解析规则：以 # 开头的行 = 注释；空行忽略；apply_name = 第 2 列（render-board / conductor-tick 据此聚泳道）。
# 追加只用 `>> NEED_HELIX.log`（绝不重写整文件）→ 零 merge 冲突。

# === S5(issue #54) 收尾·诚实记账（非 S5 回归·待 main/后端核验）===
# UC-5.5 频道置顶 auto 四面：render-ready isTop 绑定经一次性探针实证正确（显式 im_query_dialog_list
#   重查 → data-channel-top='1'）。但 auto 路径(change/top → WS update_channel → im:channel:update thin
#   → applyChannelUpdate 重查)这会话 im:channel:update 投影未出现在 run.jsonl（outbound channel/change/top
#   有·projection 仅 created+post:received）→ 后端 cses-im-server WS update_channel echo 未到达。
#   applyChannelUpdate 本次 S5 未改动 → 非 render-ready 回归。UC-5.5 曾于 a310304 四面绿 → 需 main 用
#   冷启 run.sh 或核验后端 WS echo 重测。
# UC-4.1/4.2：增量(hello)/gap(sync) 面需冷启 run.sh + 种子(seed-behind-cursor)·set_uc 须前置引擎启动
#   (LOOPFORGE_BOOTSTRAP_UC)·暖栈 spec 不复现该时序 → 此两 UC 的 ②①④ 面暖栈下不可裁(documented·orthogonal
#   to S5)。CL render-ready DOM 面在 UC-4.1 已实测绿(last-message=lf-90uk02·unread=0·真 backend)。

# === S6(issue #55) 收尾·quickReply cherry-pick abort 记账（best-effort·非阻塞）===
# UC-1.8 反应（快捷回复 emoji）：fix/im-wire-body-build 的 parser.rs extract_post_fields 不读顶层
#   quickReply → 投影 props 无反应数据。修复在 helix 别处 commit e1a9c99/bbbf809(功能：顶层 quickReply
#   合并进 props.quickReply) + 5db0d15(结构外提 parser_post_props.rs 过行数闸)。
# S6 试 cherry-pick 进 fix/im-wire-body-build（255aeb1 之上）：
#   - e1a9c99 干净 apply（parser.rs 430→455）但单独留下 >430 破 structure-gate 债线
#   - 5db0d15 **冲突**（helix-host-cli/src/main.rs 头收口与本分支状态冲突·解后 main.rs=316>300 破闸）
#   → 按「冲突/破债线就 abort」铁律 abort 两个 cherry-pick·branch 回 255aeb1 干净。
# 期望 B（helix 单写者）：把 quickReply 功能(e1a9c99) + 结构外提(5db0d15) 对 fix/im-wire-body-build
#   重新 rebase 落地（host-cli main.rs 头收口须按本分支当前状态重做·别带 316 行版本）。落地后 S4 的
#   resolve_reactions(props.quickReply) 即可吃到真数据 → UC-1.8 reactions 端到端通（消费侧已 render-ready）。
